<?xml version="1.0" encoding="UTF-8"?>
<!-- Generated by org.testng.reporters.JUnitReportReporter -->
<testsuite skipped="0" hostname="Sarang-Notebook" name="com.qa.Hubspot" tests="3" failures="0" timestamp="27 Jul 2019 08:46:28 GMT" time="44.316" errors="0">
  <testcase name="test" time="11.254" classname="com.qa.Hubspot"/>
  <testcase name="test" time="12.456" classname="com.qa.Hubspot"/>
  <testcase name="test" time="20.606" classname="com.qa.Hubspot"/>
</testsuite> <!-- com.qa.Hubspot -->
